Arguments: 
  /Users/jurre/.nodenv/versions/10.16.0/bin/node /usr/local/Cellar/yarn/1.22.10/libexec/bin/yarn.js install

PATH: 
  /Users/jurre/.nodenv/versions/10.16.0/bin:/usr/local/Cellar/nodenv/1.4.0/libexec:/Users/jurre/.rbenv/versions/2.7.1/bin:/usr/local/Cellar/rbenv/1.1.2/libexec:/usr/local/opt/libxml2/bin:/Users/jurre/.nodenv/shims:/usr/local/opt/qt@5.5/bin:.git/safe/../../bin:/Users/jurre/.rbenv/shims:/Users/jurre/.bin:/usr/local/sbin:/Users/jurre/.cargo/bin:/usr/local/bin:/usr/bin:/bin:/usr/sbin:/sbin:/Applications/VMware Fusion.app/Contents/Public:/Users/jurre/go/bin

Yarn version: 
  1.22.10

Node version: 
  10.16.0

Platform: 
  darwin x64

Trace: 
  Error: https://registry.yarnpkg.com/@dependabot%2fetag: Not found
      at Request.params.callback [as _callback] (/usr/local/Cellar/yarn/1.22.10/libexec/lib/cli.js:66988:18)
      at Request.self.callback (/usr/local/Cellar/yarn/1.22.10/libexec/lib/cli.js:140749:22)
      at Request.emit (events.js:198:13)
      at Request.<anonymous> (/usr/local/Cellar/yarn/1.22.10/libexec/lib/cli.js:141721:10)
      at Request.emit (events.js:198:13)
      at IncomingMessage.<anonymous> (/usr/local/Cellar/yarn/1.22.10/libexec/lib/cli.js:141643:12)
      at Object.onceWrapper (events.js:286:20)
      at IncomingMessage.emit (events.js:203:15)
      at endReadableNT (_stream_readable.js:1129:12)
      at process._tickCallback (internal/process/next_tick.js:63:19)

npm manifest: 
  {
      "name": "test",
      "version": "1.0.0",
      "description": "",
      "main": "index.js",
      "scripts": {
          "test": "echo \"Error: no test specified\" && exit 1"
      },
      "repository": {
          "type": "git",
          "url": "git+https://github.com/waltfy/PROTO_TEST.git"
      },
      "author": "",
      "license": "ISC",
      "bugs": {
          "url": "https://github.com/waltfy/PROTO_TEST/issues"
      },
      "homepage": "https://github.com/waltfy/PROTO_TEST#readme",
      "dependencies": {
        "fetch-factory": "^0.0.1",
        "chalk": "^2.0.0"
      },
      "devDependencies": {
        "@dependabot/etag": "^1.0.0",
        "@dependabot/pack-core": "^2.0.1",
        "@dependabot/pack-core-2": "^2.0.1",
        "@dependabot/pack-core-3": "^2.0.1",
        "@dependabot/pack-core-4": "^2.0.1"
      }
  }

yarn manifest: 
  No manifest

Lockfile: 
  No lockfile
